<?xml version="1.0" encoding="UTF-8"?>
<testng-results ignored="0" total="1" passed="1" failed="0" skipped="0">
  <reporter-output>
  </reporter-output>
  <suite started-at="2022-12-21T12:10:28 IST" name="Default suite" finished-at="2022-12-21T12:10:38 IST" duration-ms="9862">
    <groups>
    </groups>
    <test started-at="2022-12-21T12:10:28 IST" name="Default test" finished-at="2022-12-21T12:10:38 IST" duration-ms="9862">
      <class name="Button_handling">
        <test-method signature="btnhandle()[pri:0, instance:Button_handling@71a8adcf]" started-at="2022-12-21T12:10:28 IST" name="btnhandle" finished-at="2022-12-21T12:10:38 IST" duration-ms="9805" status="PASS">
          <reporter-output>
          </reporter-output>
        </test-method> <!-- btnhandle -->
      </class> <!-- Button_handling -->
    </test> <!-- Default test -->
  </suite> <!-- Default suite -->
</testng-results>
